\BOOKMARK [1][-]{section.1}{\376\377\000N\000u\000m\000\351\000r\000a\000t\000i\000o\000n\000\040\000\311\000g\000y\000p\000t\000i\000e\000n\000n\000e}{}% 1
\BOOKMARK [2][-]{subsection.1.1}{\376\377\000S\000p\000\351\000c\000i\000f\000i\000q\000u\000e\000\040\000G\000r\000o\000u\000p\000e\0001}{section.1}% 2
\BOOKMARK [2][-]{subsection.1.2}{\376\377\000S\000p\000\351\000c\000i\000f\000i\000q\000u\000e\000\040\000G\000r\000o\000u\000p\000e\0002}{section.1}% 3
\BOOKMARK [1][-]{section.2}{\376\377\000N\000u\000m\000\351\000r\000a\000t\000i\000o\000n\000\040\000R\000o\000m\000a\000i\000n\000e}{}% 4
\BOOKMARK [2][-]{subsection.2.1}{\376\377\000S\000p\000\351\000c\000i\000f\000i\000q\000u\000e\000\040\000G\000r\000o\000u\000p\000e\0001}{section.2}% 5
\BOOKMARK [2][-]{subsection.2.2}{\376\377\000S\000p\000\351\000c\000i\000f\000i\000q\000u\000e\000\040\000G\000r\000o\000u\000p\000e\0002}{section.2}% 6
\BOOKMARK [1][-]{section.3}{\376\377\000N\000u\000m\000\351\000r\000a\000t\000i\000o\000n\000\040\000S\000h\000a\000d\000o\000k}{}% 7
\BOOKMARK [2][-]{subsection.3.1}{\376\377\000S\000p\000\351\000c\000i\000f\000i\000q\000u\000e\000\040\000G\000r\000o\000u\000p\000e\0001}{section.3}% 8
\BOOKMARK [2][-]{subsection.3.2}{\376\377\000S\000p\000\351\000c\000i\000f\000i\000q\000u\000e\000\040\000G\000r\000o\000u\000p\000e\0002}{section.3}% 9
\BOOKMARK [1][-]{section.4}{\376\377\000N\000u\000m\000\351\000r\000a\000t\000i\000o\000n\000\040\000I\000n\000c\000a}{}% 10
\BOOKMARK [2][-]{subsection.4.1}{\376\377\000S\000p\000\351\000c\000i\000f\000i\000q\000u\000e\000\040\000G\000r\000o\000u\000p\000e\0001}{section.4}% 11
\BOOKMARK [2][-]{subsection.4.2}{\376\377\000S\000p\000\351\000c\000i\000f\000i\000q\000u\000e\000\040\000G\000r\000o\000u\000p\000e\0002}{section.4}% 12
\BOOKMARK [1][-]{section.5}{\376\377\000N\000u\000m\000\351\000r\000a\000t\000i\000o\000n\000\040\000C\000h\000i\000n\000o\000i\000s\000e}{}% 13
\BOOKMARK [2][-]{subsection.5.1}{\376\377\000S\000p\000\351\000c\000i\000f\000i\000q\000u\000e\000\040\000G\000r\000o\000u\000p\000e\0001}{section.5}% 14
\BOOKMARK [2][-]{subsection.5.2}{\376\377\000S\000p\000\351\000c\000i\000f\000i\000q\000u\000e\000\040\000G\000r\000o\000u\000p\000e\0002}{section.5}% 15
\BOOKMARK [1][-]{section.6}{\376\377\000N\000u\000m\000\351\000r\000a\000t\000i\000o\000n\000\040\000B\000a\000b\000y\000l\000o\000n\000i\000e\000n\000n\000e}{}% 16
\BOOKMARK [2][-]{subsection.6.1}{\376\377\000S\000p\000\351\000c\000i\000f\000i\000q\000u\000e\000\040\000G\000r\000o\000u\000p\000e\0001}{section.6}% 17
\BOOKMARK [2][-]{subsection.6.2}{\376\377\000S\000p\000\351\000c\000i\000f\000i\000q\000u\000e\000\040\000G\000r\000o\000u\000p\000e\0002}{section.6}% 18
\BOOKMARK [1][-]{section.7}{\376\377\000N\000u\000m\000\351\000r\000a\000t\000i\000o\000n\000\040\000B\000i\000n\000a\000i\000r\000e}{}% 19
\BOOKMARK [2][-]{subsection.7.1}{\376\377\000S\000p\000\351\000c\000i\000f\000i\000q\000u\000e\000\040\000G\000r\000o\000u\000p\000e\0001}{section.7}% 20
\BOOKMARK [2][-]{subsection.7.2}{\376\377\000S\000p\000\351\000c\000i\000f\000i\000q\000u\000e\000\040\000G\000r\000o\000u\000p\000e\0002}{section.7}% 21
\BOOKMARK [1][-]{section.8}{\376\377\000N\000u\000m\000\351\000r\000a\000t\000i\000o\000n\000\040\000T\000r\000i\000o\000z\000o\000n}{}% 22
\BOOKMARK [2][-]{subsection.8.1}{\376\377\000S\000p\000\351\000c\000i\000f\000i\000q\000u\000e\000\040\000G\000r\000o\000u\000p\000e\0001}{section.8}% 23
\BOOKMARK [2][-]{subsection.8.2}{\376\377\000S\000p\000\351\000c\000i\000f\000i\000q\000u\000e\000\040\000G\000r\000o\000u\000p\000e\0002}{section.8}% 24
\BOOKMARK [1][-]{section.9}{\376\377\000N\000u\000m\000\351\000r\000a\000t\000i\000o\000n\000\040\000D\000'\000n\000i}{}% 25
\BOOKMARK [2][-]{subsection.9.1}{\376\377\000S\000p\000\351\000c\000i\000f\000i\000q\000u\000e\000\040\000G\000r\000o\000u\000p\000e\0001}{section.9}% 26
\BOOKMARK [2][-]{subsection.9.2}{\376\377\000S\000p\000\351\000c\000i\000f\000i\000q\000u\000e\000\040\000G\000r\000o\000u\000p\000e\0002}{section.9}% 27
